<?xml version="1.0" encoding="UTF-8"?>
<!-- Generated by org.testng.reporters.JUnitReportReporter -->
<testsuite hostname="LAIBLRLT9076" failures="0" tests="1" name="Practice1.P9_RecordingExecution" time="25.703" errors="0" timestamp="2025-09-10T12:02:38 IST" skipped="0">
  <testcase classname="Practice1.P9_RecordingExecution" name="FP9" time="25.703"/>
</testsuite> <!-- Practice1.P9_RecordingExecution -->
