<?xml version="1.0" encoding="UTF-8"?>
<!-- Generated by org.testng.reporters.JUnitReportReporter -->
<testsuite hostname="MURALI-LAPTOP" failures="0" tests="1" name="Post1.P13" time="9.604" errors="0" timestamp="2025-09-11T22:49:26 IST" skipped="0">
  <testcase classname="Post1.P13" name="FP13" time="9.604"/>
</testsuite> <!-- Post1.P13 -->
