<?xml version="1.0" encoding="UTF-8"?>
<!-- Generated by org.testng.reporters.JUnitReportReporter -->
<testsuite hostname="LAIBLRLT9076" failures="0" tests="1" name="Practice1.P8_SwitchingBetweenApps" time="21.002" errors="0" timestamp="2025-09-10T11:55:31 IST" skipped="0">
  <testcase classname="Practice1.P8_SwitchingBetweenApps" name="P8FSwithcBetweenApps" time="21.002"/>
</testsuite> <!-- Practice1.P8_SwitchingBetweenApps -->
