<?xml version="1.0" encoding="UTF-8"?>
<!-- Generated by org.testng.reporters.JUnitReportReporter -->
<testsuite hostname="LAIBLRLT9076" failures="0" tests="1" name="Post1.P11" time="10.370" errors="0" timestamp="2025-09-04T17:37:20 IST" skipped="0">
  <testcase classname="Post1.P11" name="FP11" time="10.370"/>
</testsuite> <!-- Post1.P11 -->
