<?xml version="1.0" encoding="UTF-8"?>
<!-- Generated by org.testng.reporters.JUnitReportReporter -->
<testsuite hostname="LAIBLRLT9076" failures="0" tests="1" name="Practice1.P10_CallsDemo" time="25.476" errors="0" timestamp="2025-09-10T12:12:54 IST" skipped="0">
  <testcase classname="Practice1.P10_CallsDemo" name="FP10" time="25.476"/>
</testsuite> <!-- Practice1.P10_CallsDemo -->
