<?xml version="1.0" encoding="UTF-8"?>
<!-- Generated by org.testng.reporters.JUnitReportReporter -->
<testsuite hostname="MURALI-LAPTOP" failures="0" tests="1" name="Practice1.P9_RecordingExecution" time="23.757" errors="0" timestamp="2025-09-09T19:50:24 IST" skipped="0">
  <testcase classname="Practice1.P9_RecordingExecution" name="FP9" time="23.757"/>
</testsuite> <!-- Practice1.P9_RecordingExecution -->
