<?xml version="1.0" encoding="UTF-8"?>
<!-- Generated by org.testng.reporters.JUnitReportReporter -->
<testsuite hostname="LAIBLRLT9076" failures="0" tests="1" name="Post1.P5" time="41.640" errors="0" timestamp="2025-08-31T18:56:12 IST" skipped="0">
  <testcase classname="Post1.P5" name="MP5" time="41.640"/>
</testsuite> <!-- Post1.P5 -->
