<?xml version="1.0" encoding="UTF-8"?>
<!-- Generated by org.testng.reporters.JUnitReportReporter -->
<testsuite hostname="MURALI-LAPTOP" failures="0" tests="1" name="Post1.P8" time="17.869" errors="0" timestamp="2025-09-01T16:55:25 IST" skipped="0">
  <testcase classname="Post1.P8" name="MP8" time="17.869"/>
</testsuite> <!-- Post1.P8 -->
