<?xml version="1.0" encoding="UTF-8"?>
<!-- Generated by org.testng.reporters.JUnitReportReporter -->
<testsuite hostname="MURALI-LAPTOP" failures="0" tests="1" name="Post1.P10" time="20.329" errors="0" timestamp="2025-09-03T18:43:11 IST" skipped="0">
  <testcase classname="Post1.P10" name="FP10" time="20.329"/>
</testsuite> <!-- Post1.P10 -->
