<?xml version="1.0" encoding="UTF-8"?>
<!-- Generated by org.testng.reporters.JUnitReportReporter -->
<testsuite hostname="LAIBLRLT9076" failures="0" tests="1" name="Post1.p4" time="18.119" errors="0" timestamp="2025-08-31T18:55:14 IST" skipped="0">
  <testcase classname="Post1.p4" name="Practice4" time="18.119"/>
</testsuite> <!-- Post1.p4 -->
