<?xml version="1.0" encoding="UTF-8"?>
<!-- Generated by org.testng.reporters.JUnitReportReporter -->
<testsuite hostname="LAIBLRLT9076" failures="0" tests="1" name="Post1.P9" time="12.914" errors="0" timestamp="2025-09-02T15:56:15 IST" skipped="0">
  <testcase classname="Post1.P9" name="Base_P9" time="12.914"/>
</testsuite> <!-- Post1.P9 -->
