<?xml version="1.0" encoding="UTF-8"?>
<!-- Generated by org.testng.reporters.JUnitReportReporter -->
<testsuite hostname="MURALI-LAPTOP" failures="0" tests="1" name="Post1.p4" time="14.020" errors="0" timestamp="2025-08-29T11:23:46 IST" skipped="0">
  <testcase classname="Post1.p4" name="Practice4" time="14.020"/>
</testsuite> <!-- Post1.p4 -->
