<?xml version="1.0" encoding="UTF-8"?>
<!-- Generated by org.testng.reporters.JUnitReportReporter -->
<testsuite hostname="MURALI-LAPTOP" failures="0" tests="1" name="Post1.P5" time="46.650" errors="0" timestamp="2025-08-29T20:30:31 IST" skipped="0">
  <testcase classname="Post1.P5" name="MP5" time="46.650"/>
</testsuite> <!-- Post1.P5 -->
