<?xml version="1.0" encoding="UTF-8"?>
<!-- Generated by org.testng.reporters.JUnitReportReporter -->
<testsuite hostname="LAIBLRLT9076" failures="0" tests="1" name="Practice1.P11_SMS" time="3.203" errors="0" timestamp="2025-09-10T13:23:44 IST" skipped="0">
  <testcase classname="Practice1.P11_SMS" name="FP11" time="3.203"/>
</testsuite> <!-- Practice1.P11_SMS -->
