<?xml version="1.0" encoding="UTF-8"?>
<!-- Generated by org.testng.reporters.JUnitReportReporter -->
<testsuite hostname="MURALI-LAPTOP" failures="0" tests="1" name="Post1.P9" time="5.795" errors="0" timestamp="2025-09-01T21:19:50 IST" skipped="0">
  <testcase classname="Post1.P9" name="Base_P9" time="5.795"/>
</testsuite> <!-- Post1.P9 -->
