<?xml version="1.0" encoding="UTF-8"?>
<!-- Generated by org.testng.reporters.JUnitReportReporter -->
<testsuite hostname="MURALI-LAPTOP" failures="0" tests="1" name="Post1.P7" time="17.087" errors="0" timestamp="2025-09-01T15:37:42 IST" skipped="0">
  <testcase classname="Post1.P7" name="MP7" time="17.087"/>
</testsuite> <!-- Post1.P7 -->
