<?xml version="1.0" encoding="UTF-8"?>
<!-- Generated by org.testng.reporters.JUnitReportReporter -->
<testsuite hostname="MURALI-LAPTOP" failures="0" tests="1" name="Practice1.P10_CallsDemo" time="15.321" errors="0" timestamp="2025-09-09T21:47:40 IST" skipped="0">
  <testcase classname="Practice1.P10_CallsDemo" name="FP10" time="15.321"/>
</testsuite> <!-- Practice1.P10_CallsDemo -->
