<?xml version="1.0" encoding="UTF-8"?>
<!-- Generated by org.testng.reporters.JUnitReportReporter -->
<testsuite hostname="MURALI-LAPTOP" failures="0" tests="1" name="Practice1.P8_SwitchingBetweenApps" time="1.632" errors="0" timestamp="2025-09-07T21:32:47 IST" skipped="0">
  <testcase classname="Practice1.P8_SwitchingBetweenApps" name="P8FSwithcBetweenApps" time="1.632"/>
</testsuite> <!-- Practice1.P8_SwitchingBetweenApps -->
