<?xml version="1.0" encoding="UTF-8"?>
<!-- Generated by org.testng.reporters.JUnitReportReporter -->
<testsuite hostname="MURALI-LAPTOP" failures="0" tests="1" name="Practice1.P8_SwitchingBetweenApps" time="18.385" errors="0" timestamp="2025-09-09T19:27:23 IST" skipped="0">
  <testcase classname="Practice1.P8_SwitchingBetweenApps" name="P8FSwithcBetweenApps" time="18.385"/>
</testsuite> <!-- Practice1.P8_SwitchingBetweenApps -->
