<?xml version="1.0" encoding="UTF-8"?>
<!-- Generated by org.testng.reporters.JUnitReportReporter -->

<testsuite hostname="MURALI-LAPTOP" failures="0" tests="1" name="Post1.P6" time="13.976" errors="0" timestamp="2025-09-01T13:28:22 IST" skipped="0">
  <testcase classname="Post1.P6" name="MP6" time="13.976"/>

</testsuite> <!-- Post1.P6 -->
