<?xml version="1.0" encoding="UTF-8"?>
<!-- Generated by org.testng.reporters.JUnitReportReporter -->
<testsuite hostname="LAIBLRLT9076" failures="0" tests="1" name="Post1.P10" time="19.782" errors="0" timestamp="2025-09-04T13:29:49 IST" skipped="0">
  <testcase classname="Post1.P10" name="FP10" time="19.782"/>
</testsuite> <!-- Post1.P10 -->
