<?xml version="1.0" encoding="UTF-8"?>
<!-- Generated by org.testng.reporters.JUnitReportReporter -->
<testsuite hostname="MURALI-LAPTOP" failures="0" tests="1" name="Post1.P12" time="19.385" errors="0" timestamp="2025-09-09T15:01:36 IST" skipped="0">
  <testcase classname="Post1.P12" name="FP12" time="19.385"/>
</testsuite> <!-- Post1.P12 -->
